<?xml version="1.0" encoding="UTF-8"?>
<!-- Generated by org.testng.reporters.JUnitXMLReporter -->
<testsuite hostname="LAPTOP-UCKVVCIT" ignored="0" name="Test" tests="1" failures="0" timestamp="23 May 2020 16:20:55 GMT" time="0.585" errors="0">
  <testcase name="@BeforeMethod startProcess" time="0.336" classname="com.global.covid19.TC_001">
    <failure type="java.lang.NoClassDefFoundError" message="com/global/covid19/ExtentReportManager">
      <![CDATA[java.lang.NoClassDefFoundError: com/global/covid19/ExtentReportManager
at com.global.covid19.BaseTest.init(BaseTest.java:69)
at com.global.covid19.TC_001.startProcess(TC_001.java:18)
Caused by: java.lang.ClassNotFoundException: com.global.covid19.ExtentReportManager
at java.net.URLClassLoader.findClass(URLClassLoader.java:382)
at java.lang.ClassLoader.loadClass(ClassLoader.java:418)
at sun.misc.Launcher$AppClassLoader.loadClass(Launcher.java:355)
at java.lang.ClassLoader.loadClass(ClassLoader.java:351)
... 30 more
... Removed 28 stack frames]]>
    </failure>
  </testcase> <!-- @BeforeMethod startProcess -->
  <testcase name="@AfterMethod endProcess" time="0.0" classname="com.global.covid19.TC_001">
    <skipped/>
  </testcase> <!-- @AfterMethod endProcess -->
  <testcase name="amazon" time="0.0" classname="com.global.covid19.TC_001">
    <skipped/>
  </testcase> <!-- amazon -->
</testsuite> <!-- Test -->
